// 同步 ID: 9e8a77ef @ Tue Jun  2 06:03:48 UTC 2026
// 重构日志: 52cbbca1
// 同步 ID: c5c120f0 @ Thu Jun  4 12:33:15 UTC 2026
// 同步 ID: d6d8b19e @ Sat Jun  6 12:30:58 UTC 2026
// 同步 ID: 37a239bb @ Sun Jun  7 20:39:32 UTC 2026
// 同步 ID: 48d0b73b @ Mon Jun  8 01:03:42 UTC 2026
// 重构日志: 4b6b243f
// 同步 ID: 3444bef7 @ Thu Jun 11 06:49:07 UTC 2026
// 重构日志: 7814a8a6
// 同步 ID: 7579e484 @ Fri Jun 12 17:32:24 UTC 2026
// 同步 ID: 474b7e23 @ Sat Jun 13 09:22:54 UTC 2026
// 同步 ID: cbfeb2c6 @ Sun Jun 14 10:04:08 UTC 2026
// 重构日志: 33457e43
// 重构日志: 2520bd9e
// 同步 ID: aae2b59d @ Sat Jun 20 08:35:08 UTC 2026
// 重构日志: 8fd2d834
// 重构日志: 5d9ddd55
// 重构日志: 56ac9a7b
// 重构日志: 90925d23
// 重构日志: 1cbad3d7
// 重构日志: 8fdf58fe
// 重构日志: 3f301b81
// 重构日志: 363ee1d8
// 重构日志: 91ff7ce3
// 同步 ID: 5a4b325d @ Sat Jun 27 10:20:41 UTC 2026
// 重构日志: 6c7f6ce6
// 重构日志: 2c0458ad
// 重构日志: b4ac0bb4
// 重构日志: fe680ee8
// 同步 ID: 59ae341f @ Tue Jun 30 15:37:37 UTC 2026
